<?xml version="1.0" encoding="UTF-8"?>
<testsuite name="DisplayInfoTest" tests="1" skipped="0" failures="0" errors="0" timestamp="2017-09-02T14:07:29" hostname="MacBook-Pro-Pavel.local" time="0.594">
  <properties/>
  <testcase name="infoPresentInTheSearchPage" classname="DisplayInfoTest" time="0.594"/>
  <system-out><![CDATA[]]></system-out>
  <system-err><![CDATA[]]></system-err>
</testsuite>
