<?xml version="1.0" encoding="UTF-8"?>
<testsuite name="MainLogoPresentTest" tests="1" skipped="0" failures="0" errors="0" timestamp="2017-09-02T14:07:35" hostname="MacBook-Pro-Pavel.local" time="0.002">
  <properties/>
  <testcase name="mainLogoPresent" classname="MainLogoPresentTest" time="0.002"/>
  <system-out><![CDATA[]]></system-out>
  <system-err><![CDATA[]]></system-err>
</testsuite>
